android/app/build/outputs/logs/manifest-merger-debug-report.txt
-- Merging decision tree log ---
manifest
ADDED from src\main\AndroidManifest.xml:2:1-33:12
INJECTED from src\main\AndroidManifest.xml:2:1-33:12
INJECTED from src\main\AndroidManifest.xml:2:1-33:12
INJECTED from src\main\AndroidManifest.xml:2:1-33:12
MERGED from [ai.api:sdk:2.0.7] AndroidManifest.xml:2:1-13:12
MERGED from [com.android.support:appcompat-v7:28.0.0] AndroidManifest.xml:17:1-22:12
MERGED from [com.android.support.constraint:constraint-layout:1.1.3] AndroidManifest.xml:2:1-11:12
MERGED from [com.android.support:recyclerview-v7:28.0.0] AndroidManifest.xml:17:1-22:12
MERGED from [com.google.firebase:firebase-core:16.0.1] AndroidManifest.xml:2:1-9:12
MERGED from [com.google.android.gms:play-services-maps:15.0.1] AndroidManifest.xml:17:1-32:12
MERGED from [com.google.android.gms:play-services-location:15.0.1] AndroidManifest.xml:2:1-9:12
MERGED from [com.android.support:animated-vector-drawable:28.0.0] AndroidManifest.xml:17:1-22:12
MERGED from [com.android.support:support-vector-drawable:28.0.0] AndroidManifest.xml:17:1-22:12
MERGED from [com.google.firebase:firebase-measurement-connector-impl:16.0.1] AndroidManifest.xml:17:1-34:12
MERGED from [com.google.firebase:firebase-analytics:16.0.1] AndroidManifest.xml:17:1-55:12
MERGED from [com.google.firebase:firebase-analytics-impl:16.1.1] AndroidManifest.xml:17:1-40:12
MERGED from [com.google.firebase:firebase-iid:16.0.0] AndroidManifest.xml:17:1-65:12
MERGED from [com.google.firebase:firebase-iid-interop:16.0.0] AndroidManifest.xml:2:1-10:12
MERGED from [com.google.android.gms:play-services-base:15.0.1] AndroidManifest.xml:17:1-29:12
MERGED from [com.google.android.gms:play-services-places-placereport:15.0.1] AndroidManifest.xml:17:1-24:12
MERGED from [com.google.firebase:firebase-common:16.0.0] AndroidManifest.xml:2:1-16:12
MERGED from [com.google.android.gms:play-services-tasks:15.0.1] AndroidManifest.xml:2:1-9:12
MERGED from [com.google.android.gms:play-services-stats:15.0.1] AndroidManifest.xml:2:1-9:12
MERGED from [com.google.firebase:firebase-measurement-connector:16.0.0] AndroidManifest.xml:17:1-25:12
MERGED from [com.google.android.gms:play-services-ads-identifier:15.0.1] AndroidManifest.xml:17:1-24:12
MERGED from [com.google.android.gms:play-services-basement:15.0.1] AndroidManifest.xml:17:1-28:12
MERGED from [com.android.support:support-v4:26.1.0] AndroidManifest.xml:17:1-31:12
MERGED from [com.android.support:support-media-compat:26.1.0] AndroidManifest.xml:17:1-31:12
MERGED from [com.android.support:support-fragment:28.0.0] AndroidManifest.xml:17:1-22:12
MERGED from [com.android.support:support-core-ui:28.0.0] AndroidManifest.xml:17:1-22:12
MERGED from [com.android.support:support-core-utils:28.0.0] AndroidManifest.xml:17:1-22:12
MERGED from [com.android.support:loader:28.0.0] AndroidManifest.xml:17:1-22:12
MERGED from [com.android.support:viewpager:28.0.0] AndroidManifest.xml:17:1-22:12
MERGED from [com.android.support:coordinatorlayout:28.0.0] AndroidManifest.xml:17:1-22:12
MERGED from [com.android.support:drawerlayout:28.0.0] AndroidManifest.xml:17:1-22:12
MERGED from [com.android.support:slidingpanelayout:28.0.0] AndroidManifest.xml:17:1-22:12
MERGED from [com.android.support:customview:28.0.0] AndroidManifest.xml:17:1-22:12
MERGED from [com.android.support:swiperefreshlayout:28.0.0] AndroidManifest.xml:17:1-22:12
MERGED from [com.android.support:asynclayoutinflater:28.0.0] AndroidManifest.xml:17:1-22:12
MERGED from [com.android.support:support-compat:28.0.0] AndroidManifest.xml:17:1-24:12
MERGED from [com.android.support:versionedparcelable:28.0.0] AndroidManifest.xml:17:1-25:12
MERGED from [com.android.support:cursoradapter:28.0.0] AndroidManifest.xml:17:1-22:12
MERGED from [android.arch.lifecycle:runtime:1.1.1] AndroidManifest.xml:17:1-22:12
MERGED from [android.arch.lifecycle:livedata:1.1.1] AndroidManifest.xml:17:1-22:12
MERGED from [android.arch.lifecycle:livedata-core:1.1.1] AndroidManifest.xml:17:1-22:12
MERGED from [android.arch.core:runtime:1.1.1] AndroidManifest.xml:17:1-22:12
MERGED from [com.android.support:documentfile:28.0.0] AndroidManifest.xml:17:1-22:12
MERGED from [com.android.support:localbroadcastmanager:28.0.0] AndroidManifest.xml:17:1-22:12
MERGED from [com.android.support:print:28.0.0] AndroidManifest.xml:17:1-22:12
MERGED from [android.arch.lifecycle:viewmodel:1.1.1] AndroidManifest.xml:17:1-22:12
MERGED from [com.android.support:interpolator:28.0.0] AndroidManifest.xml:17:1-22:12
MERGED from [com.google.android.gms:play-services-measurement-base:16.0.0] AndroidManifest.xml:17:1-24:12
INJECTED from src\main\AndroidManifest.xml:2:1-33:12
INJECTED from src\main\AndroidManifest.xml:2:1-33:12
INJECTED from src\main\AndroidManifest.xml:2:1-33:12
	package
		ADDED from src\main\AndroidManifest.xml:3:5-46
		INJECTED from src\main\AndroidManifest.xml
		INJECTED from src\main\AndroidManifest.xml
	android:versionName
		INJECTED from src\main\AndroidManifest.xml
		ADDED from src\main\AndroidManifest.xml:2:1-33:12
		INJECTED from src\main\AndroidManifest.xml
	android:versionCode
		INJECTED from src\main\AndroidManifest.xml
		ADDED from src\main\AndroidManifest.xml:2:1-33:12
		INJECTED from src\main\AndroidManifest.xml
	xmlns:android
		ADDED from src\main\AndroidManifest.xml:2:11-69
uses-permission#android.permission.INTERNET
ADDED from src\main\AndroidManifest.xml:5:5-67
MERGED from [com.google.android.gms:play-services-maps:15.0.1] AndroidManifest.xml:24:5-67
MERGED from [com.google.android.gms:play-services-maps:15.0.1] AndroidManifest.xml:24:5-67
MERGED from [com.google.firebase:firebase-measurement-connector-impl:16.0.1] AndroidManifest.xml:22:5-67
MERGED from [com.google.firebase:firebase-measurement-connector-impl:16.0.1] AndroidManifest.xml:22:5-67
MERGED from [com.google.firebase:firebase-analytics:16.0.1] AndroidManifest.xml:23:5-67
MERGED from [com.google.firebase:firebase-analytics:16.0.1] AndroidManifest.xml:23:5-67
MERGED from [com.google.firebase:firebase-analytics-impl:16.1.1] AndroidManifest.xml:23:5-67
MERGED from [com.google.firebase:firebase-analytics-impl:16.1.1] AndroidManifest.xml:23:5-67
MERGED from [com.google.firebase:firebase-iid:16.0.0] AndroidManifest.xml:23:5-67
MERGED from [com.google.firebase:firebase-iid:16.0.0] AndroidManifest.xml:23:5-67
	android:name
		ADDED from src\main\AndroidManifest.xml:5:22-64
uses-permission#android.permission.RECORD_AUDIO
ADDED from src\main\AndroidManifest.xml:6:5-70
	android:name
		ADDED from src\main\AndroidManifest.xml:6:22-68
application
ADDED from src\main\AndroidManifest.xml:8:5-29:19
MERGED from [ai.api:sdk:2.0.7] AndroidManifest.xml:11:5-20
MERGED from [ai.api:sdk:2.0.7] AndroidManifest.xml:11:5-20
MERGED from [com.android.support.constraint:constraint-layout:1.1.3] AndroidManifest.xml:9:5-20
MERGED from [com.android.support.constraint:constraint-layout:1.1.3] AndroidManifest.xml:9:5-20
MERGED from [com.google.firebase:firebase-core:16.0.1] AndroidManifest.xml:7:5-20
MERGED from [com.google.firebase:firebase-core:16.0.1] AndroidManifest.xml:7:5-20
MERGED from [com.google.android.gms:play-services-maps:15.0.1] AndroidManifest.xml:30:5-20
MERGED from [com.google.android.gms:play-services-maps:15.0.1] AndroidManifest.xml:30:5-20
MERGED from [com.google.android.gms:play-services-location:15.0.1] AndroidManifest.xml:7:5-20
MERGED from [com.google.android.gms:play-services-location:15.0.1] AndroidManifest.xml:7:5-20
MERGED from [com.google.firebase:firebase-measurement-connector-impl:16.0.1] AndroidManifest.xml:26:5-32:19
MERGED from [com.google.firebase:firebase-measurement-connector-impl:16.0.1] AndroidManifest.xml:26:5-32:19
MERGED from [com.google.firebase:firebase-analytics:16.0.1] AndroidManifest.xml:28:5-53:19
MERGED from [com.google.firebase:firebase-analytics:16.0.1] AndroidManifest.xml:28:5-53:19
MERGED from [com.google.firebase:firebase-analytics-impl:16.1.1] AndroidManifest.xml:28:5-38:19
MERGED from [com.google.firebase:firebase-analytics-impl:16.1.1] AndroidManifest.xml:28:5-38:19
MERGED from [com.google.firebase:firebase-iid:16.0.0] AndroidManifest.xml:34:5-63:19
MERGED from [com.google.firebase:firebase-iid:16.0.0] AndroidManifest.xml:34:5-63:19
MERGED from [com.google.firebase:firebase-iid-interop:16.0.0] AndroidManifest.xml:7:5-8:19
MERGED from [com.google.firebase:firebase-iid-interop:16.0.0] AndroidManifest.xml:7:5-8:19
MERGED from [com.google.android.gms:play-services-base:15.0.1] AndroidManifest.xml:22:5-27:19
MERGED from [com.google.android.gms:play-services-base:15.0.1] AndroidManifest.xml:22:5-27:19
MERGED from [com.google.android.gms:play-services-places-placereport:15.0.1] AndroidManifest.xml:22:5-20
MERGED from [com.google.android.gms:play-services-places-placereport:15.0.1] AndroidManifest.xml:22:5-20
MERGED from [com.google.firebase:firebase-common:16.0.0] AndroidManifest.xml:8:5-14:19
MERGED from [com.google.firebase:firebase-common:16.0.0] AndroidManifest.xml:8:5-14:19
MERGED from [com.google.android.gms:play-services-tasks:15.0.1] AndroidManifest.xml:7:5-20
MERGED from [com.google.android.gms:play-services-tasks:15.0.1] AndroidManifest.xml:7:5-20
MERGED from [com.google.android.gms:play-services-stats:15.0.1] AndroidManifest.xml:7:5-20
MERGED from [com.google.android.gms:play-services-stats:15.0.1] AndroidManifest.xml:7:5-20
MERGED from [com.google.firebase:firebase-measurement-connector:16.0.0] AndroidManifest.xml:22:5-23:19
MERGED from [com.google.firebase:firebase-measurement-connector:16.0.0] AndroidManifest.xml:22:5-23:19
MERGED from [com.google.android.gms:play-services-ads-identifier:15.0.1] AndroidManifest.xml:22:5-20
MERGED from [com.google.android.gms:play-services-ads-identifier:15.0.1] AndroidManifest.xml:22:5-20
MERGED from [com.google.android.gms:play-services-basement:15.0.1] AndroidManifest.xml:22:5-26:19
MERGED from [com.google.android.gms:play-services-basement:15.0.1] AndroidManifest.xml:22:5-26:19
MERGED from [com.android.support:support-v4:26.1.0] AndroidManifest.xml:25:5-29:19
MERGED from [com.android.support:support-v4:26.1.0] AndroidManifest.xml:25:5-29:19
MERGED from [com.android.support:support-media-compat:26.1.0] AndroidManifest.xml:25:5-29:19
MERGED from [com.android.support:support-media-compat:26.1.0] AndroidManifest.xml:25:5-29:19
MERGED from [com.android.support:support-compat:28.0.0] AndroidManifest.xml:22:5-94
MERGED from [com.android.support:support-compat:28.0.0] AndroidManifest.xml:22:5-94
MERGED from [com.android.support:versionedparcelable:28.0.0] AndroidManifest.xml:22:5-23:19
MERGED from [com.android.support:versionedparcelable:28.0.0] AndroidManifest.xml:22:5-23:19
MERGED from [com.google.android.gms:play-services-measurement-base:16.0.0] AndroidManifest.xml:22:5-20
MERGED from [com.google.android.gms:play-services-measurement-base:16.0.0] AndroidManifest.xml:22:5-20
	android:appComponentFactory
		ADDED from [com.android.support:support-compat:28.0.0] AndroidManifest.xml:22:18-91
	android:supportsRtl
		ADDED from src\main\AndroidManifest.xml:13:9-35
	android:label
		ADDED from src\main\AndroidManifest.xml:11:9-41
	android:roundIcon
		ADDED from src\main\AndroidManifest.xml:12:9-54
	android:icon
		ADDED from src\main\AndroidManifest.xml:10:9-43
	android:allowBackup
		ADDED from src\main\AndroidManifest.xml:9:9-35
	android:theme
		ADDED from src\main\AndroidManifest.xml:14:9-40
meta-data#com.google.android.geo.API_KEY
ADDED from src\main\AndroidManifest.xml:16:9-18:55
	android:value
		ADDED from src\main\AndroidManifest.xml:18:13-52
	android:name
		ADDED from src\main\AndroidManifest.xml:17:13-58
activity#com.example.caroline.airportnav.MainActivity
ADDED from src\main\AndroidManifest.xml:20:9-26:20
	android:name
		ADDED from src\main\AndroidManifest.xml:20:19-47
intent-filter#action:name:android.intent.action.MAIN+category:name:android.intent.category.LAUNCHER
ADDED from src\main\AndroidManifest.xml:21:13-25:29
action#android.intent.action.MAIN
ADDED from src\main\AndroidManifest.xml:22:17-69
	android:name
		ADDED from src\main\AndroidManifest.xml:22:25-66
category#android.intent.category.LAUNCHER
ADDED from src\main\AndroidManifest.xml:24:17-77
	android:name
		ADDED from src\main\AndroidManifest.xml:24:27-74
activity#com.example.caroline.airportnav.VoiceAssistantActivity
ADDED from src\main\AndroidManifest.xml:27:9-69
	android:name
		ADDED from src\main\AndroidManifest.xml:27:19-57
uses-permission#android.permission.ACCESS_COARSE_LOCATION
ADDED from src\main\AndroidManifest.xml:30:5-80
	android:name
		ADDED from src\main\AndroidManifest.xml:30:22-78
uses-permission#android.permission.ACCESS_FINE_LOCATION
ADDED from src\main\AndroidManifest.xml:31:5-79
	android:name
		ADDED from src\main\AndroidManifest.xml:31:22-76
uses-sdk
INJECTED from src\main\AndroidManifest.xml reason: use-sdk injection requested
INJECTED from src\main\AndroidManifest.xml
INJECTED from src\main\AndroidManifest.xml
MERGED from [ai.api:sdk:2.0.7] AndroidManifest.xml:7:5-9:41
MERGED from [ai.api:sdk:2.0.7] AndroidManifest.xml:7:5-9:41
MERGED from [com.android.support:appcompat-v7:28.0.0] AndroidManifest.xml:20:5-44
MERGED from [com.android.support:appcompat-v7:28.0.0] AndroidManifest.xml:20:5-44
MERGED from [com.android.support.constraint:constraint-layout:1.1.3] AndroidManifest.xml:5:5-7:41
MERGED from [com.android.support.constraint:constraint-layout:1.1.3] AndroidManifest.xml:5:5-7:41
MERGED from [com.android.support:recyclerview-v7:28.0.0] AndroidManifest.xml:20:5-44
MERGED from [com.android.support:recyclerview-v7:28.0.0] AndroidManifest.xml:20:5-44
MERGED from [com.google.firebase:firebase-core:16.0.1] AndroidManifest.xml:5:5-44
MERGED from [com.google.firebase:firebase-core:16.0.1] AndroidManifest.xml:5:5-44
MERGED from [com.google.android.gms:play-services-maps:15.0.1] AndroidManifest.xml:20:5-44
MERGED from [com.google.android.gms:play-services-maps:15.0.1] AndroidManifest.xml:20:5-44
MERGED from [com.google.android.gms:play-services-location:15.0.1] AndroidManifest.xml:5:5-44
MERGED from [com.google.android.gms:play-services-location:15.0.1] AndroidManifest.xml:5:5-44
MERGED from [com.android.support:animated-vector-drawable:28.0.0] AndroidManifest.xml:20:5-44
MERGED from [com.android.support:animated-vector-drawable:28.0.0] AndroidManifest.xml:20:5-44
MERGED from [com.android.support:support-vector-drawable:28.0.0] AndroidManifest.xml:20:5-44
MERGED from [com.android.support:support-vector-drawable:28.0.0] AndroidManifest.xml:20:5-44
MERGED from [com.google.firebase:firebase-measurement-connector-impl:16.0.1] AndroidManifest.xml:20:5-44
MERGED from [com.google.firebase:firebase-measurement-connector-impl:16.0.1] AndroidManifest.xml:20:5-44
MERGED from [com.google.firebase:firebase-analytics:16.0.1] AndroidManifest.xml:20:5-44
MERGED from [com.google.firebase:firebase-analytics:16.0.1] AndroidManifest.xml:20:5-44
MERGED from [com.google.firebase:firebase-analytics-impl:16.1.1] AndroidManifest.xml:20:5-44
MERGED from [com.google.firebase:firebase-analytics-impl:16.1.1] AndroidManifest.xml:20:5-44
MERGED from [com.google.firebase:firebase-iid:16.0.0] AndroidManifest.xml:20:5-44
MERGED from [com.google.firebase:firebase-iid:16.0.0] AndroidManifest.xml:20:5-44
MERGED from [com.google.firebase:firebase-iid-interop:16.0.0] AndroidManifest.xml:5:5-44
MERGED from [com.google.firebase:firebase-iid-interop:16.0.0] AndroidManifest.xml:5:5-44
MERGED from [com.google.android.gms:play-services-base:15.0.1] AndroidManifest.xml:20:5-44
MERGED from [com.google.android.gms:play-services-base:15.0.1] AndroidManifest.xml:20:5-44
MERGED from [com.google.android.gms:play-services-places-placereport:15.0.1] AndroidManifest.xml:20:5-44
MERGED from [com.google.android.gms:play-services-places-placereport:15.0.1] AndroidManifest.xml:20:5-44
MERGED from [com.google.firebase:firebase-common:16.0.0] AndroidManifest.xml:5:5-6:37
MERGED from [com.google.firebase:firebase-common:16.0.0] AndroidManifest.xml:5:5-6:37
MERGED from [com.google.android.gms:play-services-tasks:15.0.1] AndroidManifest.xml:5:5-44
MERGED from [com.google.android.gms:play-services-tasks:15.0.1] AndroidManifest.xml:5:5-44
MERGED from [com.google.android.gms:play-services-stats:15.0.1] AndroidManifest.xml:5:5-44
MERGED from [com.google.android.gms:play-services-stats:15.0.1] AndroidManifest.xml:5:5-44
MERGED from [com.google.firebase:firebase-measurement-connector:16.0.0] AndroidManifest.xml:20:5-44
MERGED from [com.google.firebase:firebase-measurement-connector:16.0.0] AndroidManifest.xml:20:5-44
MERGED from [com.google.android.gms:play-services-ads-identifier:15.0.1] AndroidManifest.xml:20:5-44
MERGED from [com.google.android.gms:play-services-ads-identifier:15.0.1] AndroidManifest.xml:20:5-44
MERGED from [com.google.android.gms:play-services-basement:15.0.1] AndroidManifest.xml:20:5-44
MERGED from [com.google.android.gms:play-services-basement:15.0.1] AndroidManifest.xml:20:5-44
MERGED from [com.android.support:support-v4:26.1.0] AndroidManifest.xml:21:5-23:54
MERGED from [com.android.support:support-v4:26.1.0] AndroidManifest.xml:21:5-23:54
MERGED from [com.android.support:support-media-compat:26.1.0] AndroidManifest.xml:21:5-23:63
MERGED from [com.android.support:support-media-compat:26.1.0] AndroidManifest.xml:21:5-23:63
MERGED from [com.android.support:support-fragment:28.0.0] AndroidManifest.xml:20:5-44
MERGED from [com.android.support:support-fragment:28.0.0] AndroidManifest.xml:20:5-44
MERGED from [com.android.support:support-core-ui:28.0.0] AndroidManifest.xml:20:5-44
MERGED from [com.android.support:support-core-ui:28.0.0] AndroidManifest.xml:20:5-44
MERGED from [com.android.support:support-core-utils:28.0.0] AndroidManifest.xml:20:5-44
MERGED from [com.android.support:support-core-utils:28.0.0] AndroidManifest.xml:20:5-44
MERGED from [com.android.support:loader:28.0.0] AndroidManifest.xml:20:5-44
MERGED from [com.android.support:loader:28.0.0] AndroidManifest.xml:20:5-44
MERGED from [com.android.support:viewpager:28.0.0] AndroidManifest.xml:20:5-44
MERGED from [com.android.support:viewpager:28.0.0] AndroidManifest.xml:20:5-44
MERGED from [com.android.support:coordinatorlayout:28.0.0] AndroidManifest.xml:20:5-44
MERGED from [com.android.support:coordinatorlayout:28.0.0] AndroidManifest.xml:20:5-44
MERGED from [com.android.support:drawerlayout:28.0.0] AndroidManifest.xml:20:5-44
MERGED from [com.android.support:drawerlayout:28.0.0] AndroidManifest.xml:20:5-44
MERGED from [com.android.support:slidingpanelayout:28.0.0] AndroidManifest.xml:20:5-44
MERGED from [com.android.support:slidingpanelayout:28.0.0] AndroidManifest.xml:20:5-44
MERGED from [com.android.support:customview:28.0.0] AndroidManifest.xml:20:5-44
MERGED from [com.android.support:customview:28.0.0] AndroidManifest.xml:20:5-44
MERGED from [com.android.support:swiperefreshlayout:28.0.0] AndroidManifest.xml:20:5-44
MERGED from [com.android.support:swiperefreshlayout:28.0.0] AndroidManifest.xml:20:5-44
MERGED from [com.android.support:asynclayoutinflater:28.0.0] AndroidManifest.xml:20:5-44
MERGED from [com.android.support:asynclayoutinflater:28.0.0] AndroidManifest.xml:20:5-44
MERGED from [com.android.support:support-compat:28.0.0] AndroidManifest.xml:20:5-44
MERGED from [com.android.support:support-compat:28.0.0] AndroidManifest.xml:20:5-44
MERGED from [com.android.support:versionedparcelable:28.0.0] AndroidManifest.xml:20:5-44
MERGED from [com.android.support:versionedparcelable:28.0.0] AndroidManifest.xml:20:5-44
MERGED from [com.android.support:cursoradapter:28.0.0] AndroidManifest.xml:20:5-44
MERGED from [com.android.support:cursoradapter:28.0.0] AndroidManifest.xml:20:5-44
MERGED from [android.arch.lifecycle:runtime:1.1.1] AndroidManifest.xml:20:5-44
MERGED from [android.arch.lifecycle:runtime:1.1.1] AndroidManifest.xml:20:5-44
MERGED from [android.arch.lifecycle:livedata:1.1.1] AndroidManifest.xml:20:5-44
MERGED from [android.arch.lifecycle:livedata:1.1.1] AndroidManifest.xml:20:5-44
MERGED from [android.arch.lifecycle:livedata-core:1.1.1] AndroidManifest.xml:20:5-44
MERGED from [android.arch.lifecycle:livedata-core:1.1.1] AndroidManifest.xml:20:5-44
MERGED from [android.arch.core:runtime:1.1.1] AndroidManifest.xml:20:5-44
MERGED from [android.arch.core:runtime:1.1.1] AndroidManifest.xml:20:5-44
MERGED from [com.android.support:documentfile:28.0.0] AndroidManifest.xml:20:5-44
MERGED from [com.android.support:documentfile:28.0.0] AndroidManifest.xml:20:5-44
MERGED from [com.android.support:localbroadcastmanager:28.0.0] AndroidManifest.xml:20:5-44
MERGED from [com.android.support:localbroadcastmanager:28.0.0] AndroidManifest.xml:20:5-44
MERGED from [com.android.support:print:28.0.0] AndroidManifest.xml:20:5-44
MERGED from [com.android.support:print:28.0.0] AndroidManifest.xml:20:5-44
MERGED from [android.arch.lifecycle:viewmodel:1.1.1] AndroidManifest.xml:20:5-44
MERGED from [android.arch.lifecycle:viewmodel:1.1.1] AndroidManifest.xml:20:5-44
MERGED from [com.android.support:interpolator:28.0.0] AndroidManifest.xml:20:5-44
MERGED from [com.android.support:interpolator:28.0.0] AndroidManifest.xml:20:5-44
MERGED from [com.google.android.gms:play-services-measurement-base:16.0.0] AndroidManifest.xml:20:5-44
MERGED from [com.google.android.gms:play-services-measurement-base:16.0.0] AndroidManifest.xml:20:5-44
INJECTED from src\main\AndroidManifest.xml
INJECTED from src\main\AndroidManifest.xml
	tools:overrideLibrary
		ADDED from [com.android.support:support-v4:26.1.0] AndroidManifest.xml:23:9-51
	android:targetSdkVersion
		INJECTED from src\main\AndroidManifest.xml
		ADDED from src\main\AndroidManifest.xml
		INJECTED from src\main\AndroidManifest.xml
	android:minSdkVersion
		INJECTED from src\main\AndroidManifest.xml
		ADDED from src\main\AndroidManifest.xml
		INJECTED from src\main\AndroidManifest.xml
uses-permission#android.permission.ACCESS_NETWORK_STATE
ADDED from [com.google.android.gms:play-services-maps:15.0.1] AndroidManifest.xml:23:5-79
MERGED from [com.google.firebase:firebase-measurement-connector-impl:16.0.1] AndroidManifest.xml:23:5-79
MERGED from [com.google.firebase:firebase-measurement-connector-impl:16.0.1] AndroidManifest.xml:23:5-79
MERGED from [com.google.firebase:firebase-analytics:16.0.1] AndroidManifest.xml:24:5-79
MERGED from [com.google.firebase:firebase-analytics:16.0.1] AndroidManifest.xml:24:5-79
MERGED from [com.google.firebase:firebase-analytics-impl:16.1.1] AndroidManifest.xml:24:5-79
MERGED from [com.google.firebase:firebase-analytics-impl:16.1.1] AndroidManifest.xml:24:5-79
MERGED from [com.google.firebase:firebase-iid:16.0.0] AndroidManifest.xml:22:5-79
MERGED from [com.google.firebase:firebase-iid:16.0.0] AndroidManifest.xml:22:5-79
	android:name
		ADDED from [com.google.android.gms:play-services-maps:15.0.1] AndroidManifest.xml:23:22-76
uses-feature#0x00020000
ADDED from [com.google.android.gms:play-services-maps:15.0.1] AndroidManifest.xml:26:5-28:35
	android:glEsVersion
		ADDED from [com.google.android.gms:play-services-maps:15.0.1] AndroidManifest.xml:27:9-41
	android:required
		ADDED from [com.google.android.gms:play-services-maps:15.0.1] AndroidManifest.xml:28:9-32
uses-permission#android.permission.WAKE_LOCK
ADDED from [com.google.firebase:firebase-measurement-connector-impl:16.0.1] AndroidManifest.xml:24:5-68
MERGED from [com.google.firebase:firebase-analytics:16.0.1] AndroidManifest.xml:25:5-68
MERGED from [com.google.firebase:firebase-analytics:16.0.1] AndroidManifest.xml:25:5-68
MERGED from [com.google.firebase:firebase-analytics-impl:16.1.1] AndroidManifest.xml:25:5-68
MERGED from [com.google.firebase:firebase-analytics-impl:16.1.1] AndroidManifest.xml:25:5-68
MERGED from [com.google.firebase:firebase-iid:16.0.0] AndroidManifest.xml:24:5-68
MERGED from [com.google.firebase:firebase-iid:16.0.0] AndroidManifest.xml:24:5-68
	android:name
		ADDED from [com.google.firebase:firebase-measurement-connector-impl:16.0.1] AndroidManifest.xml:24:22-65
service#com.google.firebase.components.ComponentDiscoveryService
ADDED from [com.google.firebase:firebase-measurement-connector-impl:16.0.1] AndroidManifest.xml:27:9-31:19
MERGED from [com.google.firebase:firebase-iid:16.0.0] AndroidManifest.xml:35:9-39:19
MERGED from [com.google.firebase:firebase-iid:16.0.0] AndroidManifest.xml:35:9-39:19
	android:name
		ADDED from [com.google.firebase:firebase-measurement-connector-impl:16.0.1] AndroidManifest.xml:27:18-89
meta-data#com.google.firebase.components:com.google.firebase.analytics.connector.internal.AnalyticsConnectorRegistrar
ADDED from [com.google.firebase:firebase-measurement-connector-impl:16.0.1] AndroidManifest.xml:28:13-30:85
	android:value
		ADDED from [com.google.firebase:firebase-measurement-connector-impl:16.0.1] AndroidManifest.xml:30:17-82
	android:name
		ADDED from [com.google.firebase:firebase-measurement-connector-impl:16.0.1] AndroidManifest.xml:29:17-139
uses-permission#com.google.android.finsky.permission.BIND_GET_INSTALL_REFERRER_SERVICE
ADDED from [com.google.firebase:firebase-analytics:16.0.1] AndroidManifest.xml:26:5-110
MERGED from [com.google.firebase:firebase-analytics-impl:16.1.1] AndroidManifest.xml:26:5-110
MERGED from [com.google.firebase:firebase-analytics-impl:16.1.1] AndroidManifest.xml:26:5-110
	android:name
		ADDED from [com.google.firebase:firebase-analytics:16.0.1] AndroidManifest.xml:26:22-107
receiver#com.google.android.gms.measurement.AppMeasurementReceiver
ADDED from [com.google.firebase:firebase-analytics:16.0.1] AndroidManifest.xml:29:9-33:20
	android:enabled
		ADDED from [com.google.firebase:firebase-analytics:16.0.1] AndroidManifest.xml:31:13-35
	android:exported
		ADDED from [com.google.firebase:firebase-analytics:16.0.1] AndroidManifest.xml:32:13-37
	android:name
		ADDED from [com.google.firebase:firebase-analytics:16.0.1] AndroidManifest.xml:30:13-85
receiver#com.google.android.gms.measurement.AppMeasurementInstallReferrerReceiver
ADDED from [com.google.firebase:firebase-analytics:16.0.1] AndroidManifest.xml:34:9-42:20
MERGED from [com.google.firebase:firebase-analytics-impl:16.1.1] AndroidManifest.xml:29:9-37:20
MERGED from [com.google.firebase:firebase-analytics-impl:16.1.1] AndroidManifest.xml:29:9-37:20
	android:enabled
		ADDED from [com.google.firebase:firebase-analytics:16.0.1] AndroidManifest.xml:36:13-35
	android:exported
		ADDED from [com.google.firebase:firebase-analytics:16.0.1] AndroidManifest.xml:37:13-36
	android:permission
		ADDED from [com.google.firebase:firebase-analytics:16.0.1] AndroidManifest.xml:38:13-69
	android:name
		ADDED from [com.google.firebase:firebase-analytics:16.0.1] AndroidManifest.xml:35:13-100
intent-filter#action:name:com.android.vending.INSTALL_REFERRER
ADDED from [com.google.firebase:firebase-analytics:16.0.1] AndroidManifest.xml:39:13-41:29
action#com.android.vending.INSTALL_REFERRER
ADDED from [com.google.firebase:firebase-analytics:16.0.1] AndroidManifest.xml:40:17-79
	android:name
		ADDED from [com.google.firebase:firebase-analytics:16.0.1] AndroidManifest.xml:40:25-76
service#com.google.android.gms.measurement.AppMeasurementService
ADDED from [com.google.firebase:firebase-analytics:16.0.1] AndroidManifest.xml:44:9-47:40
	android:enabled
		ADDED from [com.google.firebase:firebase-analytics:16.0.1] AndroidManifest.xml:46:13-35
	android:exported
		ADDED from [com.google.firebase:firebase-analytics:16.0.1] AndroidManifest.xml:47:13-37
	android:name
		ADDED from [com.google.firebase:firebase-analytics:16.0.1] AndroidManifest.xml:45:13-84
service#com.google.android.gms.measurement.AppMeasurementJobService
ADDED from [com.google.firebase:firebase-analytics:16.0.1] AndroidManifest.xml:48:9-52:72
	android:enabled
		ADDED from [com.google.firebase:firebase-analytics:16.0.1] AndroidManifest.xml:50:13-35
	android:exported
		ADDED from [com.google.firebase:firebase-analytics:16.0.1] AndroidManifest.xml:51:13-37
	android:permission
		ADDED from [com.google.firebase:firebase-analytics:16.0.1] AndroidManifest.xml:52:13-69
	android:name
		ADDED from [com.google.firebase:firebase-analytics:16.0.1] AndroidManifest.xml:49:13-87
uses-permission#com.google.android.c2dm.permission.RECEIVE
ADDED from [com.google.firebase:firebase-iid:16.0.0] AndroidManifest.xml:26:5-82
	android:name
		ADDED from [com.google.firebase:firebase-iid:16.0.0] AndroidManifest.xml:26:22-79
permission#${applicationId}.permission.C2D_MESSAGE
ADDED from [com.google.firebase:firebase-iid:16.0.0] AndroidManifest.xml:28:5-30:47
	android:protectionLevel
		ADDED from [com.google.firebase:firebase-iid:16.0.0] AndroidManifest.xml:30:9-44
	android:name
		ADDED from [com.google.firebase:firebase-iid:16.0.0] AndroidManifest.xml:29:9-63
permission#com.example.caroline.airportnav.permission.C2D_MESSAGE
ADDED from [com.google.firebase:firebase-iid:16.0.0] AndroidManifest.xml:28:5-30:47
	android:protectionLevel
		ADDED from [com.google.firebase:firebase-iid:16.0.0] AndroidManifest.xml:30:9-44
	android:name
		ADDED from [com.google.firebase:firebase-iid:16.0.0] AndroidManifest.xml:29:9-63
uses-permission#${applicationId}.permission.C2D_MESSAGE
ADDED from [com.google.firebase:firebase-iid:16.0.0] AndroidManifest.xml:32:5-79
	android:name
		ADDED from [com.google.firebase:firebase-iid:16.0.0] AndroidManifest.xml:32:22-76
uses-permission#com.example.caroline.airportnav.permission.C2D_MESSAGE
ADDED from [com.google.firebase:firebase-iid:16.0.0] AndroidManifest.xml:32:5-79
	android:name
		ADDED from [com.google.firebase:firebase-iid:16.0.0] AndroidManifest.xml:32:22-76
meta-data#com.google.firebase.components:com.google.firebase.iid.Registrar
ADDED from [com.google.firebase:firebase-iid:16.0.0] AndroidManifest.xml:36:13-38:85
	android:value
		ADDED from [com.google.firebase:firebase-iid:16.0.0] AndroidManifest.xml:38:17-82
	android:name
		ADDED from [com.google.firebase:firebase-iid:16.0.0] AndroidManifest.xml:37:17-96
receiver#com.google.firebase.iid.FirebaseInstanceIdReceiver
ADDED from [com.google.firebase:firebase-iid:16.0.0] AndroidManifest.xml:41:9-50:20
	android:exported
		ADDED from [com.google.firebase:firebase-iid:16.0.0] AndroidManifest.xml:43:13-36